<?xml version="1.0" encoding="UTF-8"?>
<!-- Generated by org.testng.reporters.JUnitReportReporter -->
<testsuite hostname="DESKTOP-6D3RGMH" failures="0" tests="3" name="Admin_UserMangt2" time="0.033" errors="0" timestamp="2024-11-29T20:53:10 IST" skipped="0">
  <testcase classname="Admin_UserMangt2" name="UpdateUserInfo" time="0.005"/>
  <testcase classname="Admin_UserMangt2" name="deleteAUser" time="0.025"/>
  <testcase classname="Admin_UserMangt2" name="addANewUser" time="0.003"/>
</testsuite> <!-- Admin_UserMangt2 -->
